app/build/intermediates/manifest_merge_blame_file/debug/manifest-merger-blame-debug-report.txt
1<?xml version="1.0" encoding="utf-8"?>
2<manifest xmlns:android="http://schemas.android.com/apk/res/android"
3    package="com.prabalbhavishya.cars"
4    android:versionCode="1"
5    android:versionName="1.0" >
6
7    <uses-sdk
8        android:minSdkVersion="24"
8-->src\main\AndroidManifest.xml
9        android:targetSdkVersion="30" />
9-->src\main\AndroidManifest.xml
10
11    <uses-permission android:name="android.permission.PACKAGE_USAGE_STATS" />
11-->src\main\AndroidManifest.xml:6:5-8:47
11-->src\main\AndroidManifest.xml:7:9-62
12    <uses-permission android:name="android.permission.QUERY_ALL_PACKAGES" />
12-->src\main\AndroidManifest.xml:10:5-11:53
12-->src\main\AndroidManifest.xml:10:22-74
13    <uses-permission android:name="android.permission.WAKE_LOCK" />
13-->[androidx.work:work-runtime:2.4.0] AndroidManifest.xml:25:5-68
13-->[androidx.work:work-runtime:2.4.0] AndroidManifest.xml:25:22-65
14    <uses-permission android:name="android.permission.ACCESS_NETWORK_STATE" />
14-->[androidx.work:work-runtime:2.4.0] AndroidManifest.xml:26:5-79
14-->[androidx.work:work-runtime:2.4.0] AndroidManifest.xml:26:22-76
15    <uses-permission android:name="android.permission.RECEIVE_BOOT_COMPLETED" />
15-->[androidx.work:work-runtime:2.4.0] AndroidManifest.xml:27:5-81
15-->[androidx.work:work-runtime:2.4.0] AndroidManifest.xml:27:22-78
16    <uses-permission android:name="android.permission.FOREGROUND_SERVICE" />
16-->[androidx.work:work-runtime:2.4.0] AndroidManifest.xml:28:5-77
16-->[androidx.work:work-runtime:2.4.0] AndroidManifest.xml:28:22-74
17
18    <application
18-->src\main\AndroidManifest.xml:13:5-33:19
19        android:allowBackup="true"
19-->src\main\AndroidManifest.xml:14:9-35
20        android:appComponentFactory="androidx.core.app.CoreComponentFactory"
20-->[androidx.core:core:1.3.2] AndroidManifest.xml:24:18-86
21        android:debuggable="true"
22        android:extractNativeLibs="false"
23        android:icon="@mipmap/ic_launcher"
23-->src\main\AndroidManifest.xml:15:9-43
24        android:label="@string/app_name"
24-->src\main\AndroidManifest.xml:16:9-41
25        android:roundIcon="@mipmap/ic_launcher_round"
25-->src\main\AndroidManifest.xml:17:9-54
26        android:supportsRtl="true"
26-->src\main\AndroidManifest.xml:18:9-35
27        android:testOnly="true"
28        android:theme="@style/AppTheme" >
28-->src\main\AndroidManifest.xml:19:9-40
29        <activity android:name="com.prabalbhavishya.cars.UsageStats" />
29-->src\main\AndroidManifest.xml:20:9-48
29-->src\main\AndroidManifest.xml:20:19-45
30        <activity
30-->src\main\AndroidManifest.xml:21:9-32:20
31            android:name="com.prabalbhavishya.cars.MainActivity"
31-->src\main\AndroidManifest.xml:22:13-41
32            android:launchMode="singleTask"
32-->src\main\AndroidManifest.xml:23:13-44
33            android:stateNotNeeded="true" >
33-->src\main\AndroidManifest.xml:24:13-42
34            <intent-filter>
34-->src\main\AndroidManifest.xml:25:13-31:29
35                <action android:name="android.intent.action.MAIN" />
35-->src\main\AndroidManifest.xml:26:17-69
35-->src\main\AndroidManifest.xml:26:25-66
36
37                <category android:name="android.intent.category.LAUNCHER" />
37-->src\main\AndroidManifest.xml:28:17-77
37-->src\main\AndroidManifest.xml:28:27-74
38                <category android:name="android.intent.category.HOME" />
38-->src\main\AndroidManifest.xml:29:17-73
38-->src\main\AndroidManifest.xml:29:27-70
39                <category android:name="android.intent.category.DEFAULT" />
39-->src\main\AndroidManifest.xml:30:17-76
39-->src\main\AndroidManifest.xml:30:27-73
40            </intent-filter>
41        </activity>
42
43        <provider
43-->[androidx.work:work-runtime:2.4.0] AndroidManifest.xml:31:9-37:35
44            android:name="androidx.work.impl.WorkManagerInitializer"
44-->[androidx.work:work-runtime:2.4.0] AndroidManifest.xml:32:13-69
45            android:authorities="com.prabalbhavishya.cars.workmanager-init"
45-->[androidx.work:work-runtime:2.4.0] AndroidManifest.xml:33:13-68
46            android:directBootAware="false"
46-->[androidx.work:work-runtime:2.4.0] AndroidManifest.xml:34:13-44
47            android:exported="false"
47-->[androidx.work:work-runtime:2.4.0] AndroidManifest.xml:35:13-37
48            android:multiprocess="true" />
48-->[androidx.work:work-runtime:2.4.0] AndroidManifest.xml:36:13-40
49
50        <service
50-->[androidx.work:work-runtime:2.4.0] AndroidManifest.xml:39:9-44:35
51            android:name="androidx.work.impl.background.systemalarm.SystemAlarmService"
51-->[androidx.work:work-runtime:2.4.0] AndroidManifest.xml:40:13-88
52            android:directBootAware="false"
52-->[androidx.work:work-runtime:2.4.0] AndroidManifest.xml:41:13-44
53            android:enabled="@bool/enable_system_alarm_service_default"
53-->[androidx.work:work-runtime:2.4.0] AndroidManifest.xml:42:13-72
54            android:exported="false" />
54-->[androidx.work:work-runtime:2.4.0] AndroidManifest.xml:43:13-37
55        <service
55-->[androidx.work:work-runtime:2.4.0] AndroidManifest.xml:45:9-51:35
56            android:name="androidx.work.impl.background.systemjob.SystemJobService"
56-->[androidx.work:work-runtime:2.4.0] AndroidManifest.xml:46:13-84
57            android:directBootAware="false"
57-->[androidx.work:work-runtime:2.4.0] AndroidManifest.xml:47:13-44
58            android:enabled="@bool/enable_system_job_service_default"
58-->[androidx.work:work-runtime:2.4.0] AndroidManifest.xml:48:13-70
59            android:exported="true"
59-->[androidx.work:work-runtime:2.4.0] AndroidManifest.xml:49:13-36
60            android:permission="android.permission.BIND_JOB_SERVICE" />
60-->[androidx.work:work-runtime:2.4.0] AndroidManifest.xml:50:13-69
61        <service
61-->[androidx.work:work-runtime:2.4.0] AndroidManifest.xml:52:9-57:35
62            android:name="androidx.work.impl.foreground.SystemForegroundService"
62-->[androidx.work:work-runtime:2.4.0] AndroidManifest.xml:53:13-81
63            android:directBootAware="false"
63-->[androidx.work:work-runtime:2.4.0] AndroidManifest.xml:54:13-44
64            android:enabled="@bool/enable_system_foreground_service_default"
64-->[androidx.work:work-runtime:2.4.0] AndroidManifest.xml:55:13-77
65            android:exported="false" />
65-->[androidx.work:work-runtime:2.4.0] AndroidManifest.xml:56:13-37
66
67        <receiver
67-->[androidx.work:work-runtime:2.4.0] AndroidManifest.xml:59:9-64:35
68            android:name="androidx.work.impl.utils.ForceStopRunnable$BroadcastReceiver"
68-->[androidx.work:work-runtime:2.4.0] AndroidManifest.xml:60:13-88
69            android:directBootAware="false"
69-->[androidx.work:work-runtime:2.4.0] AndroidManifest.xml:61:13-44
70            android:enabled="true"
70-->[androidx.work:work-runtime:2.4.0] AndroidManifest.xml:62:13-35
71            android:exported="false" />
71-->[androidx.work:work-runtime:2.4.0] AndroidManifest.xml:63:13-37
72        <receiver
72-->[androidx.work:work-runtime:2.4.0] AndroidManifest.xml:65:9-75:20
73            android:name="androidx.work.impl.background.systemalarm.ConstraintProxy$BatteryChargingProxy"
73-->[androidx.work:work-runtime:2.4.0] AndroidManifest.xml:66:13-106
74            android:directBootAware="false"
74-->[androidx.work:work-runtime:2.4.0] AndroidManifest.xml:67:13-44
75            android:enabled="false"
75-->[androidx.work:work-runtime:2.4.0] AndroidManifest.xml:68:13-36
76            android:exported="false" >
76-->[androidx.work:work-runtime:2.4.0] AndroidManifest.xml:69:13-37
77            <intent-filter>
77-->[androidx.work:work-runtime:2.4.0] AndroidManifest.xml:71:13-74:29
78                <action android:name="android.intent.action.ACTION_POWER_CONNECTED" />
78-->[androidx.work:work-runtime:2.4.0] AndroidManifest.xml:72:17-87
78-->[androidx.work:work-runtime:2.4.0] AndroidManifest.xml:72:25-84
79                <action android:name="android.intent.action.ACTION_POWER_DISCONNECTED" />
79-->[androidx.work:work-runtime:2.4.0] AndroidManifest.xml:73:17-90
79-->[androidx.work:work-runtime:2.4.0] AndroidManifest.xml:73:25-87
80            </intent-filter>
81        </receiver>
82        <receiver
82-->[androidx.work:work-runtime:2.4.0] AndroidManifest.xml:76:9-86:20
83            android:name="androidx.work.impl.background.systemalarm.ConstraintProxy$BatteryNotLowProxy"
83-->[androidx.work:work-runtime:2.4.0] AndroidManifest.xml:77:13-104
84            android:directBootAware="false"
84-->[androidx.work:work-runtime:2.4.0] AndroidManifest.xml:78:13-44
85            android:enabled="false"
85-->[androidx.work:work-runtime:2.4.0] AndroidManifest.xml:79:13-36
86            android:exported="false" >
86-->[androidx.work:work-runtime:2.4.0] AndroidManifest.xml:80:13-37
87            <intent-filter>
87-->[androidx.work:work-runtime:2.4.0] AndroidManifest.xml:82:13-85:29
88                <action android:name="android.intent.action.BATTERY_OKAY" />
88-->[androidx.work:work-runtime:2.4.0] AndroidManifest.xml:83:17-77
88-->[androidx.work:work-runtime:2.4.0] AndroidManifest.xml:83:25-74
89                <action android:name="android.intent.action.BATTERY_LOW" />
89-->[androidx.work:work-runtime:2.4.0] AndroidManifest.xml:84:17-76
89-->[androidx.work:work-runtime:2.4.0] AndroidManifest.xml:84:25-73
90            </intent-filter>
91        </receiver>
92        <receiver
92-->[androidx.work:work-runtime:2.4.0] AndroidManifest.xml:87:9-97:20
93            android:name="androidx.work.impl.background.systemalarm.ConstraintProxy$StorageNotLowProxy"
93-->[androidx.work:work-runtime:2.4.0] AndroidManifest.xml:88:13-104
94            android:directBootAware="false"
94-->[androidx.work:work-runtime:2.4.0] AndroidManifest.xml:89:13-44
95            android:enabled="false"
95-->[androidx.work:work-runtime:2.4.0] AndroidManifest.xml:90:13-36
96            android:exported="false" >
96-->[androidx.work:work-runtime:2.4.0] AndroidManifest.xml:91:13-37
97            <intent-filter>
97-->[androidx.work:work-runtime:2.4.0] AndroidManifest.xml:93:13-96:29
98                <action android:name="android.intent.action.DEVICE_STORAGE_LOW" />
98-->[androidx.work:work-runtime:2.4.0] AndroidManifest.xml:94:17-83
98-->[androidx.work:work-runtime:2.4.0] AndroidManifest.xml:94:25-80
99                <action android:name="android.intent.action.DEVICE_STORAGE_OK" />
99-->[androidx.work:work-runtime:2.4.0] AndroidManifest.xml:95:17-82
99-->[androidx.work:work-runtime:2.4.0] AndroidManifest.xml:95:25-79
100            </intent-filter>
101        </receiver>
102        <receiver
102-->[androidx.work:work-runtime:2.4.0] AndroidManifest.xml:98:9-107:20
103            android:name="androidx.work.impl.background.systemalarm.ConstraintProxy$NetworkStateProxy"
103-->[androidx.work:work-runtime:2.4.0] AndroidManifest.xml:99:13-103
104            android:directBootAware="false"
104-->[androidx.work:work-runtime:2.4.0] AndroidManifest.xml:100:13-44
105            android:enabled="false"
105-->[androidx.work:work-runtime:2.4.0] AndroidManifest.xml:101:13-36
106            android:exported="false" >
106-->[androidx.work:work-runtime:2.4.0] AndroidManifest.xml:102:13-37
107            <intent-filter>
107-->[androidx.work:work-runtime:2.4.0] AndroidManifest.xml:104:13-106:29
108                <action android:name="android.net.conn.CONNECTIVITY_CHANGE" />
108-->[androidx.work:work-runtime:2.4.0] AndroidManifest.xml:105:17-79
108-->[androidx.work:work-runtime:2.4.0] AndroidManifest.xml:105:25-76
109            </intent-filter>
110        </receiver>
111        <receiver
111-->[androidx.work:work-runtime:2.4.0] AndroidManifest.xml:108:9-119:20
112            android:name="androidx.work.impl.background.systemalarm.RescheduleReceiver"
112-->[androidx.work:work-runtime:2.4.0] AndroidManifest.xml:109:13-88
113            android:directBootAware="false"
113-->[androidx.work:work-runtime:2.4.0] AndroidManifest.xml:110:13-44
114            android:enabled="false"
114-->[androidx.work:work-runtime:2.4.0] AndroidManifest.xml:111:13-36
115            android:exported="false" >
115-->[androidx.work:work-runtime:2.4.0] AndroidManifest.xml:112:13-37
116            <intent-filter>
116-->[androidx.work:work-runtime:2.4.0] AndroidManifest.xml:114:13-118:29
117                <action android:name="android.intent.action.BOOT_COMPLETED" />
117-->[androidx.work:work-runtime:2.4.0] AndroidManifest.xml:115:17-79
117-->[androidx.work:work-runtime:2.4.0] AndroidManifest.xml:115:25-76
118                <action android:name="android.intent.action.TIME_SET" />
118-->[androidx.work:work-runtime:2.4.0] AndroidManifest.xml:116:17-73
118-->[androidx.work:work-runtime:2.4.0] AndroidManifest.xml:116:25-70
119                <action android:name="android.intent.action.TIMEZONE_CHANGED" />
119-->[androidx.work:work-runtime:2.4.0] AndroidManifest.xml:117:17-81
119-->[androidx.work:work-runtime:2.4.0] AndroidManifest.xml:117:25-78
120            </intent-filter>
121        </receiver>
122        <receiver
122-->[androidx.work:work-runtime:2.4.0] AndroidManifest.xml:120:9-129:20
123            android:name="androidx.work.impl.background.systemalarm.ConstraintProxyUpdateReceiver"
123-->[androidx.work:work-runtime:2.4.0] AndroidManifest.xml:121:13-99
124            android:directBootAware="false"
124-->[androidx.work:work-runtime:2.4.0] AndroidManifest.xml:122:13-44
125            android:enabled="@bool/enable_system_alarm_service_default"
125-->[androidx.work:work-runtime:2.4.0] AndroidManifest.xml:123:13-72
126            android:exported="false" >
126-->[androidx.work:work-runtime:2.4.0] AndroidManifest.xml:124:13-37
127            <intent-filter>
127-->[androidx.work:work-runtime:2.4.0] AndroidManifest.xml:126:13-128:29
128                <action android:name="androidx.work.impl.background.systemalarm.UpdateProxies" />
128-->[androidx.work:work-runtime:2.4.0] AndroidManifest.xml:127:17-98
128-->[androidx.work:work-runtime:2.4.0] AndroidManifest.xml:127:25-95
129            </intent-filter>
130        </receiver>
131        <receiver
131-->[androidx.work:work-runtime:2.4.0] AndroidManifest.xml:130:9-140:20
132            android:name="androidx.work.impl.diagnostics.DiagnosticsReceiver"
132-->[androidx.work:work-runtime:2.4.0] AndroidManifest.xml:131:13-78
133            android:directBootAware="false"
133-->[androidx.work:work-runtime:2.4.0] AndroidManifest.xml:132:13-44
134            android:enabled="true"
134-->[androidx.work:work-runtime:2.4.0] AndroidManifest.xml:133:13-35
135            android:exported="true"
135-->[androidx.work:work-runtime:2.4.0] AndroidManifest.xml:134:13-36
136            android:permission="android.permission.DUMP" >
136-->[androidx.work:work-runtime:2.4.0] AndroidManifest.xml:135:13-57
137            <intent-filter>
137-->[androidx.work:work-runtime:2.4.0] AndroidManifest.xml:137:13-139:29
138                <action android:name="androidx.work.diagnostics.REQUEST_DIAGNOSTICS" />
138-->[androidx.work:work-runtime:2.4.0] AndroidManifest.xml:138:17-88
138-->[androidx.work:work-runtime:2.4.0] AndroidManifest.xml:138:25-85
139            </intent-filter>
140        </receiver>
141
142        <service
142-->[androidx.room:room-runtime:2.2.5] AndroidManifest.xml:25:9-28:40
143            android:name="androidx.room.MultiInstanceInvalidationService"
143-->[androidx.room:room-runtime:2.2.5] AndroidManifest.xml:26:13-74
144            android:directBootAware="true"
144-->[androidx.room:room-runtime:2.2.5] AndroidManifest.xml:27:13-43
145            android:exported="false" />
145-->[androidx.room:room-runtime:2.2.5] AndroidManifest.xml:28:13-37
146    </application>
147
148</manifest>